c:\roberto\gitrepos\pbd_framework-14-04-2022-initgl\openmpd_core\gspat_renderingengine\gspat_renderingengine\vc142.pdb
c:\roberto\gitrepos\pbd_framework-14-04-2022-initgl\openmpd_core\gspat_renderingengine\x64\debug\renderresources.obj
c:\roberto\gitrepos\pbd_framework-14-04-2022-initgl\openmpd_core\gspat_renderingengine\x64\debug\renderapi_openglcorees.obj
c:\roberto\gitrepos\pbd_framework-14-04-2022-initgl\openmpd_core\gspat_renderingengine\x64\debug\renderapi_d3d12.obj
c:\roberto\gitrepos\pbd_framework-14-04-2022-initgl\openmpd_core\gspat_renderingengine\x64\debug\renderapi_d3d11.obj
c:\roberto\gitrepos\pbd_framework-14-04-2022-initgl\openmpd_core\gspat_renderingengine\x64\debug\renderapi.obj
c:\roberto\gitrepos\pbd_framework-14-04-2022-initgl\openmpd_core\gspat_renderingengine\x64\debug\forceups_sync.obj
c:\roberto\gitrepos\pbd_framework-14-04-2022-initgl\openmpd_core\gspat_renderingengine\x64\debug\primitivedescriptors.obj
c:\roberto\gitrepos\pbd_framework-14-04-2022-initgl\openmpd_core\gspat_renderingengine\x64\debug\pdb_engine_debug.obj
c:\roberto\gitrepos\pbd_framework-14-04-2022-initgl\openmpd_core\gspat_renderingengine\x64\debug\pbd_engine_cwrapper.obj
c:\roberto\gitrepos\pbd_framework-14-04-2022-initgl\openmpd_core\gspat_renderingengine\x64\debug\pbd_engine.obj
c:\roberto\gitrepos\pbd_framework-14-04-2022-initgl\openmpd_core\gspat_renderingengine\x64\debug\enginewriterthread.obj
c:\roberto\gitrepos\pbd_framework-14-04-2022-initgl\openmpd_core\gspat_renderingengine\x64\debug\enginereaderthread.obj
c:\roberto\gitrepos\pbd_framework-14-04-2022-initgl\openmpd_core\gspat_renderingengine\x64\debug\buffermanager.obj
c:\roberto\gitrepos\pbd_framework-14-04-2022-initgl\openmpd_core\gspat_renderingengine\x64\debug\buffer.obj
c:\roberto\gitrepos\pbd_framework-14-04-2022-initgl\openmpd_core\gspat_renderingengine\x64\debug\timefunctions.obj
c:\roberto\gitrepos\pbd_framework-14-04-2022-initgl\openmpd_core\gspat_renderingengine\x64\debug\openclutilityfunctions.obj
c:\roberto\gitrepos\pbd_framework-14-04-2022-initgl\openmpd_core\x64\gspat_renderingengine.lib
c:\roberto\gitrepos\pbd_framework-14-04-2022-initgl\openmpd_core\x64\gspat_renderingengine.exp
c:\roberto\gitrepos\pbd_framework-14-04-2022-initgl\openmpd_core\x64\gspat_renderingengine.dll
c:\roberto\gitrepos\pbd_framework-14-04-2022-initgl\openmpd_core\x64\gspat_renderingengine.pdb
c:\roberto\gitrepos\openmpd_framework\openmpd_core\gspat_renderingengine\x64\debug\buffer.obj
c:\roberto\gitrepos\openmpd_framework\openmpd_core\gspat_renderingengine\x64\debug\buffermanager.obj
c:\roberto\gitrepos\openmpd_framework\openmpd_core\gspat_renderingengine\x64\debug\enginereaderthread.obj
c:\roberto\gitrepos\openmpd_framework\openmpd_core\gspat_renderingengine\x64\debug\enginewriterthread.obj
c:\roberto\gitrepos\openmpd_framework\openmpd_core\gspat_renderingengine\x64\debug\forceups_sync.obj
c:\roberto\gitrepos\openmpd_framework\openmpd_core\gspat_renderingengine\x64\debug\openclutilityfunctions.obj
c:\roberto\gitrepos\openmpd_framework\openmpd_core\gspat_renderingengine\x64\debug\pbd_engine.obj
c:\roberto\gitrepos\openmpd_framework\openmpd_core\gspat_renderingengine\x64\debug\pbd_engine_cwrapper.obj
c:\roberto\gitrepos\openmpd_framework\openmpd_core\gspat_renderingengine\x64\debug\pdb_engine_debug.obj
c:\roberto\gitrepos\openmpd_framework\openmpd_core\gspat_renderingengine\x64\debug\primitivedescriptors.obj
c:\roberto\gitrepos\openmpd_framework\openmpd_core\gspat_renderingengine\x64\debug\renderapi.obj
c:\roberto\gitrepos\openmpd_framework\openmpd_core\gspat_renderingengine\x64\debug\renderapi_d3d11.obj
c:\roberto\gitrepos\openmpd_framework\openmpd_core\gspat_renderingengine\x64\debug\renderapi_d3d12.obj
c:\roberto\gitrepos\openmpd_framework\openmpd_core\gspat_renderingengine\x64\debug\renderapi_openglcorees.obj
c:\roberto\gitrepos\openmpd_framework\openmpd_core\gspat_renderingengine\x64\debug\renderresources.obj
c:\roberto\gitrepos\openmpd_framework\openmpd_core\gspat_renderingengine\x64\debug\timefunctions.obj
c:\roberto\gitrepos\openmpd_framework\openmpd_core\x64\gspat_renderingengine.pdb
c:\roberto\gitrepos\openmpd_framework\openmpd_core\x64\gspat_renderingengine.dll
c:\roberto\gitrepos\openmpd_framework\openmpd_core\gspat_renderingengine\x64\debug\gspat_re.4cf76e7a.tlog\cl.command.1.tlog
c:\roberto\gitrepos\openmpd_framework\openmpd_core\gspat_renderingengine\x64\debug\gspat_re.4cf76e7a.tlog\cl.read.1.tlog
c:\roberto\gitrepos\openmpd_framework\openmpd_core\gspat_renderingengine\x64\debug\gspat_re.4cf76e7a.tlog\cl.write.1.tlog
c:\roberto\gitrepos\openmpd_framework\openmpd_core\gspat_renderingengine\x64\debug\gspat_re.4cf76e7a.tlog\gspat_renderingengine.write.1u.tlog
c:\roberto\gitrepos\openmpd_framework\openmpd_core\gspat_renderingengine\x64\debug\gspat_re.4cf76e7a.tlog\link.command.1.tlog
c:\roberto\gitrepos\openmpd_framework\openmpd_core\gspat_renderingengine\x64\debug\gspat_re.4cf76e7a.tlog\link.read.1.tlog
c:\roberto\gitrepos\openmpd_framework\openmpd_core\gspat_renderingengine\x64\debug\gspat_re.4cf76e7a.tlog\link.write.1.tlog
