C:\Program Files (x86)\Microsoft Visual Studio\2019\Community\MSBuild\Microsoft\VC\v160\Microsoft.CppBuild.targets(499,5): warning MSB8004: Output Directory does not end with a trailing slash.  This build instance will add the slash as it is required to allow proper evaluation of the Output Directory.
C:\Program Files (x86)\Microsoft Visual Studio\2019\Community\MSBuild\Microsoft\VC\v160\Microsoft.CppBuild.targets(513,5): warning MSB8028: The intermediate directory (x64\Debug\) contains files shared from another project (GSPAT_RenderingEngine.vcxproj).  This can lead to incorrect clean and rebuild behavior.
  OpenCLUtilityFunctions.cpp
  TimeFunctions.cpp
  Buffer.cpp
  BufferManager.cpp
  EngineReaderThread.cpp
  EngineWriterThread.cpp
C:\Roberto\GitRepos\OpenMPD_framework\OpenMPD_Core\GSPAT_RenderingEngine\src\EngineWriterThread.cpp(99,23): warning C4244: 'initializing': conversion from 'int' to 'float', possible loss of data
  OpenMPD.cpp
C:\Roberto\GitRepos\OpenMPD_framework\OpenMPD_Core\GSPAT_RenderingEngine\src\OpenMPD.cpp(86,108): warning C4267: 'argument': conversion from 'size_t' to 'int', possible loss of data
C:\Roberto\GitRepos\OpenMPD_framework\OpenMPD_Core\GSPAT_RenderingEngine\src\OpenMPD.cpp(91,108): warning C4267: 'argument': conversion from 'size_t' to 'int', possible loss of data
C:\Roberto\GitRepos\OpenMPD_framework\OpenMPD_Core\GSPAT_RenderingEngine\src\OpenMPD.cpp(96,108): warning C4267: 'argument': conversion from 'size_t' to 'int', possible loss of data
C:\Roberto\GitRepos\OpenMPD_framework\OpenMPD_Core\GSPAT_RenderingEngine\src\OpenMPD.cpp(101,109): warning C4267: 'argument': conversion from 'size_t' to 'int', possible loss of data
C:\Roberto\GitRepos\OpenMPD_framework\OpenMPD_Core\GSPAT_RenderingEngine\src\OpenMPD.cpp(107,111): warning C4267: 'argument': conversion from 'size_t' to 'int', possible loss of data
  OpenMPD_CWrapper.cpp
  OpenMPD_Debug.cpp
  PrimitiveDescriptors.cpp
  ForceUPS_Sync.cpp
  RenderAPI.cpp
  RenderAPI_D3D11.cpp
  RenderAPI_D3D12.cpp
C:\Roberto\GitRepos\OpenMPD_framework\OpenMPD_Core\GSPAT_RenderingEngine\src\Unity\RenderAPI_D3D12.cpp(72,17): warning C4244: 'initializing': conversion from 'double' to 'UINT64', possible loss of data
C:\Roberto\GitRepos\OpenMPD_framework\OpenMPD_Core\GSPAT_RenderingEngine\src\Unity\RenderAPI_D3D12.cpp(212,17): warning C4244: '=': conversion from 'UINT64' to 'int', possible loss of data
  RenderAPI_OpenGLCoreES.cpp
  RenderResources.cpp
  OpenCLUtilityFunctions.obj : MSIL .netmodule or module compiled with /GL found; restarting link with /LTCG; add /LTCG to the link command line to improve linker performance
     Creating library C:\Roberto\GitRepos\OpenMPD_framework\OpenMPD_Core\x64\OpenMPD.lib and object C:\Roberto\GitRepos\OpenMPD_framework\OpenMPD_Core\x64\OpenMPD.exp
LINK : warning LNK4098: defaultlib 'LIBCMT' conflicts with use of other libs; use /NODEFAULTLIB:library
  Generating code
  Finished generating code
glew32s.lib(glew.obj) : warning LNK4099: PDB 'vc120.pdb' was not found with 'glew32s.lib(glew.obj)' or at 'C:\Roberto\GitRepos\OpenMPD_framework\OpenMPD_Core\x64\vc120.pdb'; linking object as if no debug info
  RenderingEnging.vcxproj -> C:\Roberto\GitRepos\OpenMPD_framework\OpenMPD_Core\x64\OpenMPD.dll
  File not found - PBDEngine.cl
  0 File(s) copied
  C:\Roberto\GitRepos\OpenMPD_framework\OpenMPD_Core\x64\OpenMPD.dll -> C:\Roberto\GitRepos\0.libraries\bin\x64\OpenMPD.dll
  1 File(s) copied
  C:\Roberto\GitRepos\OpenMPD_framework\OpenMPD_Core\x64\OpenMPD.lib -> C:\Roberto\GitRepos\0.libraries\lib\OpenMPD\OpenMPD.lib
  1 File(s) copied
  C:\Roberto\GitRepos\OpenMPD_framework\OpenMPD_Core\GSPAT_RenderingEngine\include\OpenMPD.h -> C:\Roberto\GitRepos\0.libraries\include\OpenMPD\OpenMPD.h
  1 File(s) copied
  C:\Roberto\GitRepos\OpenMPD_framework\OpenMPD_Core\GSPAT_RenderingEngine\include\OpenMPD_CWrapper.h -> C:\Roberto\GitRepos\0.libraries\include\OpenMPD\OpenMPD_CWrapper.h
  1 File(s) copied
  C:\Roberto\GitRepos\OpenMPD_framework\OpenMPD_Core\GSPAT_RenderingEngine\include\OpenMPD_Prerequisites.h -> C:\Roberto\GitRepos\0.libraries\include\OpenMPD\OpenMPD_Prerequisites.h
  1 File(s) copied
