c:\roberto\gitrepos\1.tutorial\openmpd\openmpd\gl_renderingplugin\x64\debug\vc142.pdb
c:\roberto\gitrepos\1.tutorial\openmpd\openmpd\gl_renderingplugin\x64\debug\vc142.idb
c:\roberto\gitrepos\1.tutorial\openmpd\openmpd\gl_renderingplugin\x64\debug\gl3w.obj
c:\roberto\gitrepos\1.tutorial\openmpd\openmpd\gl_renderingplugin\x64\debug\gl_renderer.obj
c:\roberto\gitrepos\1.tutorial\openmpd\openmpd\gl_renderingplugin\x64\debug\renderapi.obj
c:\roberto\gitrepos\1.tutorial\openmpd\openmpd\gl_renderingplugin\x64\debug\renderapi_openglcorees.obj
c:\roberto\gitrepos\1.tutorial\openmpd\openmpd\gl_renderingplugin\x64\debug\gl_visualrenderer.obj
c:\roberto\gitrepos\1.tutorial\openmpd\openmpd\x64\gl_renderingplugin.lib
c:\roberto\gitrepos\1.tutorial\openmpd\openmpd\x64\gl_renderingplugin.exp
c:\roberto\gitrepos\1.tutorial\openmpd\openmpd\x64\gl_renderingplugin.dll
c:\roberto\gitrepos\1.tutorial\openmpd\openmpd\x64\gl_renderingplugin.pdb
d:\roberto\github\0.laptop\openmpd\openmpd\gl_renderingplugin\x64\debug\gl3w.obj
d:\roberto\github\0.laptop\openmpd\openmpd\gl_renderingplugin\x64\debug\gl_renderer.obj
d:\roberto\github\0.laptop\openmpd\openmpd\gl_renderingplugin\x64\debug\gl_visualrenderer.obj
d:\roberto\github\0.laptop\openmpd\openmpd\gl_renderingplugin\x64\debug\renderapi.obj
d:\roberto\github\0.laptop\openmpd\openmpd\gl_renderingplugin\x64\debug\renderapi_openglcorees.obj
d:\roberto\github\0.laptop\openmpd\openmpd\gl_renderingplugin\x64\debug\vc142.idb
d:\roberto\github\0.laptop\openmpd\openmpd\gl_renderingplugin\x64\debug\vc142.pdb
d:\roberto\github\0.laptop\openmpd\openmpd\x64\gl_renderingplugin.pdb
d:\roberto\github\0.laptop\openmpd\openmpd\x64\gl_renderingplugin.dll
d:\roberto\github\0.laptop\openmpd\openmpd\gl_renderingplugin\x64\debug\gl_rende.f7cfef5a.tlog\cl.command.1.tlog
d:\roberto\github\0.laptop\openmpd\openmpd\gl_renderingplugin\x64\debug\gl_rende.f7cfef5a.tlog\cl.read.1.tlog
d:\roberto\github\0.laptop\openmpd\openmpd\gl_renderingplugin\x64\debug\gl_rende.f7cfef5a.tlog\cl.write.1.tlog
d:\roberto\github\0.laptop\openmpd\openmpd\gl_renderingplugin\x64\debug\gl_rende.f7cfef5a.tlog\gl_renderingplugin.write.1u.tlog
d:\roberto\github\0.laptop\openmpd\openmpd\gl_renderingplugin\x64\debug\gl_rende.f7cfef5a.tlog\link.command.1.tlog
d:\roberto\github\0.laptop\openmpd\openmpd\gl_renderingplugin\x64\debug\gl_rende.f7cfef5a.tlog\link.read.1.tlog
d:\roberto\github\0.laptop\openmpd\openmpd\gl_renderingplugin\x64\debug\gl_rende.f7cfef5a.tlog\link.write.1.tlog
